<?xml version="1.0" encoding="UTF-8"?><testsuite errors="1" failures="0" name="Test 2 UI" skipped="0" tests="1" time="25.8" timestamp="2020-10-29 01:01:42"><testcase name="Buy a product"><error message="no such element: Unable to locate element: {&quot;method&quot;:&quot;xpath&quot;,&quot;selector&quot;:&quot;//img[@id='det_img_1736599523']&quot;}&#10;  (Session info: chrome=86.0.4240.111)&#10;  (Driver info: chromedriver=2.38.552522 (437e6fbedfa8762dec75e2c5b3ddb86763dc9dcb),platform=Windows NT 10.0.18363 x86_64) (WARNING: The server did not provide any stacktrace information)&#10;Command duration or timeout: 0 milliseconds&#10;For documentation on this error, please visit: https://www.seleniumhq.org/exceptions/no_such_element.html&#10;Build info: version: '3.141.59', revision: 'e82be7d358', time: '2018-11-14T08:17:03'&#10;System info: host: 'CPX-C2V48L6QARO', ip: '10.0.1.5', os.name: 'Windows 10', os.arch: 'amd64', os.version: '10.0', java.version: '11.0.8'&#10;Driver info: org.openqa.selenium.chrome.ChromeDriver&#10;Capabilities {acceptInsecureCerts: false, acceptSslCerts: false, applicationCacheEnabled: false, browserConnectionEnabled: false, browserName: chrome, chrome: {chromedriverVersion: 2.38.552522 (437e6fbedfa876..., userDataDir: C:\Users\FLAVIA~1.SIQ\AppDa...}, cssSelectorsEnabled: true, databaseEnabled: false, handlesAlerts: true, hasTouchScreen: false, javascriptEnabled: true, locationContextEnabled: true, mobileEmulationEnabled: false, nativeEvents: true, networkConnectionEnabled: false, pageLoadStrategy: normal, platform: XP, platformName: XP, rotatable: false, setWindowRect: true, takesHeapSnapshot: true, takesScreenshot: true, unexpectedAlertBehaviour: , unhandledPromptBehavior: , version: 86.0.4240.111, webStorageEnabled: true}&#10;Session ID: 701814b3fc9a7894e411cf7b0e3adec9&#10;*** Element info: {Using=xpath, value=//img[@id='det_img_1736599523']}&#10;For documentation on this error, please visit: https://www.seleniumhq.org/exceptions/no_such_element.html&#10;Build info: version: '3.141.59', revision: 'e82be7d358', time: '2018-11-14T08:17:03'&#10;System info: host: 'CPX-C2V48L6QARO', ip: '10.0.1.5', os.name: 'Windows 10', os.arch: 'amd64', os.version: '10.0', java.version: '11.0.8'&#10;Driver info: driver.version: unknown" type="org.openqa.selenium.NoSuchElementException">no such element: Unable to locate element: {"method":"xpath","selector":"//img[@id='det_img_1736599523']"}
  (Session info: chrome=86.0.4240.111)
  (Driver info: chromedriver=2.38.552522 (437e6fbedfa8762dec75e2c5b3ddb86763dc9dcb),platform=Windows NT 10.0.18363 x86_64) (WARNING: The server did not provide any stacktrace information)
Command duration or timeout: 0 milliseconds
For documentation on this error, please visit: https://www.seleniumhq.org/exceptions/no_such_element.html
Build info: version: '3.141.59', revision: 'e82be7d358', time: '2018-11-14T08:17:03'
System info: host: 'CPX-C2V48L6QARO', ip: '10.0.1.5', os.name: 'Windows 10', os.arch: 'amd64', os.version: '10.0', java.version: '11.0.8'
Driver info: org.openqa.selenium.chrome.ChromeDriver
Capabilities {acceptInsecureCerts: false, acceptSslCerts: false, applicationCacheEnabled: false, browserConnectionEnabled: false, browserName: chrome, chrome: {chromedriverVersion: 2.38.552522 (437e6fbedfa876..., userDataDir: C:\Users\FLAVIA~1.SIQ\AppDa...}, cssSelectorsEnabled: true, databaseEnabled: false, handlesAlerts: true, hasTouchScreen: false, javascriptEnabled: true, locationContextEnabled: true, mobileEmulationEnabled: false, nativeEvents: true, networkConnectionEnabled: false, pageLoadStrategy: normal, platform: XP, platformName: XP, rotatable: false, setWindowRect: true, takesHeapSnapshot: true, takesScreenshot: true, unexpectedAlertBehaviour: , unhandledPromptBehavior: , version: 86.0.4240.111, webStorageEnabled: true}
Session ID: 701814b3fc9a7894e411cf7b0e3adec9
*** Element info: {Using=xpath, value=//img[@id='det_img_1736599523']}
For documentation on this error, please visit: https://www.seleniumhq.org/exceptions/no_such_element.html
Build info: version: '3.141.59', revision: 'e82be7d358', time: '2018-11-14T08:17:03'
System info: host: 'CPX-C2V48L6QARO', ip: '10.0.1.5', os.name: 'Windows 10', os.arch: 'amd64', os.version: '10.0', java.version: '11.0.8'
Driver info: driver.version: unknown</error><system-err>no such element: Unable to locate element: {"method":"xpath","selector":"//img[@id='det_img_1736599523']"}
  (Session info: chrome=86.0.4240.111)
  (Driver info: chromedriver=2.38.552522 (437e6fbedfa8762dec75e2c5b3ddb86763dc9dcb),platform=Windows NT 10.0.18363 x86_64) (WARNING: The server did not provide any stacktrace information)
Command duration or timeout: 0 milliseconds
For documentation on this error, please visit: https://www.seleniumhq.org/exceptions/no_such_element.html
Build info: version: '3.141.59', revision: 'e82be7d358', time: '2018-11-14T08:17:03'
System info: host: 'CPX-C2V48L6QARO', ip: '10.0.1.5', os.name: 'Windows 10', os.arch: 'amd64', os.version: '10.0', java.version: '11.0.8'
Driver info: org.openqa.selenium.chrome.ChromeDriver
Capabilities {acceptInsecureCerts: false, acceptSslCerts: false, applicationCacheEnabled: false, browserConnectionEnabled: false, browserName: chrome, chrome: {chromedriverVersion: 2.38.552522 (437e6fbedfa876..., userDataDir: C:\Users\FLAVIA~1.SIQ\AppDa...}, cssSelectorsEnabled: true, databaseEnabled: false, handlesAlerts: true, hasTouchScreen: false, javascriptEnabled: true, locationContextEnabled: true, mobileEmulationEnabled: false, nativeEvents: true, networkConnectionEnabled: false, pageLoadStrategy: normal, platform: XP, platformName: XP, rotatable: false, setWindowRect: true, takesHeapSnapshot: true, takesScreenshot: true, unexpectedAlertBehaviour: , unhandledPromptBehavior: , version: 86.0.4240.111, webStorageEnabled: true}
Session ID: 701814b3fc9a7894e411cf7b0e3adec9
*** Element info: {Using=xpath, value=//img[@id='det_img_1736599523']}
For documentation on this error, please visit: https://www.seleniumhq.org/exceptions/no_such_element.html
Build info: version: '3.141.59', revision: 'e82be7d358', time: '2018-11-14T08:17:03'
System info: host: 'CPX-C2V48L6QARO', ip: '10.0.1.5', os.name: 'Windows 10', os.arch: 'amd64', os.version: '10.0', java.version: '11.0.8'
Driver info: driver.version: unknown&#13;
tasks.web.DemoCartAction.homePage(DemoCartAction.java:14)&#13;
steps.CommonSteps.lambda$new$1(CommonSteps.java:25)&#13;
cucumber.runner.PickleStepDefinitionMatch.runStep(PickleStepDefinitionMatch.java:50)&#13;
cucumber.runner.TestStep.executeStep(TestStep.java:63)&#13;
cucumber.runner.TestStep.run(TestStep.java:49)&#13;
cucumber.runner.PickleStepTestStep.run(PickleStepTestStep.java:43)&#13;
cucumber.runner.TestCase.run(TestCase.java:44)&#13;
cucumber.runner.Runner.runPickle(Runner.java:40)&#13;
</system-err></testcase></testsuite>