<?xml version="1.0" encoding="UTF-8"?>
<testsuite xmlns:xsi="http://www.w3.org/2001/XMLSchema-instance" xsi:noNamespaceSchemaLocation="https://maven.apache.org/surefire/maven-failsafe-plugin/xsd/failsafe-test-report.xsd" name="Test 2 UI" time="0.194" tests="1" errors="1" skipped="0" failures="0">
  <properties>
[...]
</properties>
  <testcase name="Buy a product" classname="Test 2 UI" time="0.194">
    <error message="The driver executable does not exist: C:\Users\flaviane.c.siqueira\Documents\intelliJ\ChallengeStefanini\src\test\java\resources\drivers\windows\chromedriver.exe" type="java.lang.IllegalStateException">java.lang.IllegalStateException: The driver executable does not exist: C:\Users\flaviane.c.siqueira\Documents\intelliJ\ChallengeStefanini\src\test\java\resources\drivers\windows\chromedriver.exe
</error>
    <system-out><![CDATA[12:34:54.005 [main] DEBUG n.t.c.u.PropertiesFileLocalPreferences - LOADING LOCAL PROPERTIES FROM C:\Users\flaviane.c.siqueira\Documents\intelliJ\ChallengeStefanini\serenity.properties 
12:34:54.103 [main] DEBUG n.t.c.u.PropertiesFileLocalPreferences - LOADING LOCAL PROPERTIES FROM C:\Users\flaviane.c.siqueira\Documents\intelliJ\ChallengeStefanini\serenity.properties 
12:34:54.103 [main] DEBUG n.t.c.u.PropertiesFileLocalPreferences - LOADING LOCAL PROPERTIES FROM C:\Users\flaviane.c.siqueira\Documents\intelliJ\ChallengeStefanini\serenity.properties 
12:34:54.113 [main] DEBUG n.t.c.u.PropertiesFileLocalPreferences - show.pie.charts=true
12:34:54.114 [main] DEBUG n.t.c.u.PropertiesFileLocalPreferences - serenity.store.html.source=true
12:34:54.114 [main] DEBUG n.t.c.u.PropertiesFileLocalPreferences - serenity.test.root=starter
12:34:54.114 [main] DEBUG n.t.c.u.PropertiesFileLocalPreferences - serenity.verbose.steps=true
12:34:54.114 [main] DEBUG n.t.c.u.PropertiesFileLocalPreferences - serenity.console.colors=true
12:34:54.114 [main] DEBUG n.t.c.u.PropertiesFileLocalPreferences - serenity.project.name=Automation_Challenge
12:34:54.114 [main] DEBUG n.t.c.u.PropertiesFileLocalPreferences - serenity.take.screenshots=FOR_EACH_ACTION
12:34:54.114 [main] DEBUG n.t.c.u.PropertiesFileLocalPreferences - serenity.browser.maximized=true
12:34:54.114 [main] DEBUG n.t.c.u.PropertiesFileLocalPreferences - thucycides.step.delay=1000
12:34:54.115 [main] DEBUG n.t.c.u.PropertiesFileLocalPreferences - webdriver.timeouts.implicitlywait=60000
12:34:54.115 [main] DEBUG n.t.c.u.PropertiesFileLocalPreferences - serenity.verbose.screenshots=true
12:34:54.115 [main] DEBUG n.t.c.u.PropertiesFileLocalPreferences - drivers.windows.webdriver.ie.driver=src/test/resources/drivers/windows/IEDriverServer.exe
12:34:54.115 [main] DEBUG n.t.c.u.PropertiesFileLocalPreferences - webdriver.driver=chrome
12:34:54.115 [main] DEBUG n.t.c.u.PropertiesFileLocalPreferences - environments.default.api.acess.url=#{interzoid.url}/services/getweathercity
12:34:54.116 [main] DEBUG n.t.c.u.PropertiesFileLocalPreferences - drivers.windows.webdriver.chrome.driver=src/test/resources/drivers/windows/chromedriver.exe
12:34:54.116 [main] DEBUG n.t.c.u.PropertiesFileLocalPreferences - drivers.linux.webdriver.gecko.driver=src/test/resources/drivers/linux/geckodriver
12:34:54.116 [main] DEBUG n.t.c.u.PropertiesFileLocalPreferences - environments.default.interzoid.url=https://www.interzoid.com/services/getweathercity
12:34:54.116 [main] DEBUG n.t.c.u.PropertiesFileLocalPreferences - drivers.linux.webdriver.chrome.driver=src/test/resources/drivers/linux/chromedriver
12:34:54.116 [main] DEBUG n.t.c.u.PropertiesFileLocalPreferences - drivers.windows.webdriver.gecko.driver=src/test/resources/drivers/windows/geckodriver.exe
12:34:54.116 [main] DEBUG n.t.c.u.PropertiesFileLocalPreferences - chrome.switches=--test-type;--no-sandbox;--ignore-certificate-errors;\r\n                   --disable-popup-blocking;--disable-default-apps;--disable-extensions-file-access-check;\r\n                   --incognito;--disable-infobars,--disable-gpu
12:34:54.117 [main] DEBUG n.t.c.u.PropertiesFileLocalPreferences - drivers.mac.webdriver.gecko.driver=src/test/resources/drivers/mac/geckodriver
12:34:54.117 [main] DEBUG n.t.c.u.PropertiesFileLocalPreferences - drivers.mac.webdriver.chrome.driver=src/test/resources/drivers/mac/chromedriver
12:34:54.117 [main] DEBUG n.t.c.u.PropertiesFileLocalPreferences - headless.mode=false
12:34:54.117 [main] DEBUG n.t.c.u.PropertiesFileLocalPreferences - webdriver.use.driver.service.pool=false
12:34:54.477 [main] DEBUG n.t.c.u.PropertiesFileLocalPreferences - LOADING LOCAL PROPERTIES FROM C:\Users\flaviane.c.siqueira\Documents\intelliJ\ChallengeStefanini\serenity.properties 
12:34:54.498 [main] DEBUG n.t.c.u.PropertiesFileLocalPreferences - LOADING LOCAL PROPERTIES FROM C:\Users\flaviane.c.siqueira\Documents\intelliJ\ChallengeStefanini\serenity.properties 
12:34:54.499 [main] DEBUG n.t.c.u.PropertiesFileLocalPreferences - LOADING LOCAL PROPERTIES FROM C:\Users\flaviane.c.siqueira\Documents\intelliJ\ChallengeStefanini\serenity.properties 
12:34:54.500 [main] DEBUG n.t.c.u.PropertiesFileLocalPreferences - show.pie.charts=true
12:34:54.500 [main] DEBUG n.t.c.u.PropertiesFileLocalPreferences - serenity.store.html.source=true
12:34:54.500 [main] DEBUG n.t.c.u.PropertiesFileLocalPreferences - serenity.test.root=starter
12:34:54.500 [main] DEBUG n.t.c.u.PropertiesFileLocalPreferences - serenity.verbose.steps=true
12:34:54.500 [main] DEBUG n.t.c.u.PropertiesFileLocalPreferences - serenity.console.colors=true
12:34:54.500 [main] DEBUG n.t.c.u.PropertiesFileLocalPreferences - serenity.project.name=Automation_Challenge
12:34:54.500 [main] DEBUG n.t.c.u.PropertiesFileLocalPreferences - serenity.take.screenshots=FOR_EACH_ACTION
12:34:54.500 [main] DEBUG n.t.c.u.PropertiesFileLocalPreferences - serenity.browser.maximized=true
12:34:54.500 [main] DEBUG n.t.c.u.PropertiesFileLocalPreferences - thucycides.step.delay=1000
12:34:54.500 [main] DEBUG n.t.c.u.PropertiesFileLocalPreferences - webdriver.timeouts.implicitlywait=60000
12:34:54.501 [main] DEBUG n.t.c.u.PropertiesFileLocalPreferences - serenity.verbose.screenshots=true
12:34:54.501 [main] DEBUG n.t.c.u.PropertiesFileLocalPreferences - drivers.windows.webdriver.ie.driver=src/test/resources/drivers/windows/IEDriverServer.exe
12:34:54.501 [main] DEBUG n.t.c.u.PropertiesFileLocalPreferences - webdriver.driver=chrome
12:34:54.501 [main] DEBUG n.t.c.u.PropertiesFileLocalPreferences - environments.default.api.acess.url=#{interzoid.url}/services/getweathercity
12:34:54.501 [main] DEBUG n.t.c.u.PropertiesFileLocalPreferences - drivers.windows.webdriver.chrome.driver=src/test/resources/drivers/windows/chromedriver.exe
12:34:54.501 [main] DEBUG n.t.c.u.PropertiesFileLocalPreferences - drivers.linux.webdriver.gecko.driver=src/test/resources/drivers/linux/geckodriver
12:34:54.502 [main] DEBUG n.t.c.u.PropertiesFileLocalPreferences - environments.default.interzoid.url=https://www.interzoid.com/services/getweathercity
12:34:54.502 [main] DEBUG n.t.c.u.PropertiesFileLocalPreferences - drivers.linux.webdriver.chrome.driver=src/test/resources/drivers/linux/chromedriver
12:34:54.502 [main] DEBUG n.t.c.u.PropertiesFileLocalPreferences - drivers.windows.webdriver.gecko.driver=src/test/resources/drivers/windows/geckodriver.exe
12:34:54.502 [main] DEBUG n.t.c.u.PropertiesFileLocalPreferences - chrome.switches=--test-type;--no-sandbox;--ignore-certificate-errors;\r\n                   --disable-popup-blocking;--disable-default-apps;--disable-extensions-file-access-check;\r\n                   --incognito;--disable-infobars,--disable-gpu
12:34:54.502 [main] DEBUG n.t.c.u.PropertiesFileLocalPreferences - drivers.mac.webdriver.gecko.driver=src/test/resources/drivers/mac/geckodriver
12:34:54.502 [main] DEBUG n.t.c.u.PropertiesFileLocalPreferences - drivers.mac.webdriver.chrome.driver=src/test/resources/drivers/mac/chromedriver
12:34:54.502 [main] DEBUG n.t.c.u.PropertiesFileLocalPreferences - headless.mode=false
12:34:54.502 [main] DEBUG n.t.c.u.PropertiesFileLocalPreferences - webdriver.use.driver.service.pool=false
12:34:54.510 [main] INFO  n.t.c.steps.ConsoleLoggingListener - &amp#27;[96m

-------------------------------------------------------------------------------------
     _______. _______ .______       _______ .__   __.  __  .___________.____    ____ 
    /       ||   ____||   _  \     |   ____||  \ |  | |  | |           |\   \  /   / 
   |   (----`|  |__   |  |_)  |    |  |__   |   \|  | |  | `---|  |----` \   \/   /  
    \   \    |   __|  |      /     |   __|  |  . `  | |  |     |  |       \_    _/   
.----)   |   |  |____ |  |\  \----.|  |____ |  |\   | |  |     |  |         |  |     
|_______/    |_______|| _| `._____||_______||__| \__| |__|     |__|         |__|    
                                                                                     
 News and tutorials at http://www.serenity-bdd.info                                  
 Documentation at https://wakaleo.gitbooks.io/the-serenity-book/content/             
 Join the Serenity Community on Rocket Chat at https://serenity-bdd.rocket.chat      
 Serenity BDD Support and Training at http://serenity-bdd.info/#/trainingandsupport  
 Learn Serenity BDD online at http://serenity-dojo.com                               
-------------------------------------------------------------------------------------
&amp#27;[0m
12:34:54.515 [main] DEBUG n.thucydides.core.steps.StepEventBus - Test suite started for story net.thucydides.core.model.Story@6eaf5a37
12:34:54.517 [main] INFO  n.t.c.steps.ConsoleLoggingListener - Test Suite Started: Test 1 API
12:34:54.545 [main] DEBUG n.thucydides.core.steps.StepEventBus - Test suite started for story net.thucydides.core.model.Story@3399fd1a
12:34:54.546 [main] INFO  n.t.c.steps.ConsoleLoggingListener - Test Suite Started: Test 2 UI
12:34:55.028 [pool-1-thread-1] ERROR n.t.c.steps.ConsoleLoggingListener - &amp#27;[91m
           __  _____ _____ ____ _____   _____ _    ___ _     _____ ____  
  _       / / |_   _| ____/ ___|_   _| |  ___/ \  |_ _| |   | ____|  _ \ 
 (_)_____| |    | | |  _| \___ \ | |   | |_ / _ \  | || |   |  _| | | | |
  _|_____| |    | | | |___ ___) || |   |  _/ ___ \ | || |___| |___| |_| |
 (_)     | |    |_| |_____|____/ |_|   |_|/_/   \_\___|_____|_____|____/ 
          \_\                                                            

TEST FAILED WITH ERROR: Buy a product
---------------------------------------------------------------------&amp#27;[0m
12:34:55.031 [pool-1-thread-1] DEBUG n.t.c.steps.ConsoleLoggingListener - RELATED ISSUES: 
12:34:55.123 [pool-1-thread-1] ERROR n.t.c.steps.ConsoleLoggingListener - &amp#27;[91mTEST FAILED AT STEP Given open url - Demo Store&amp#27;[0m
12:34:55.123 [pool-1-thread-1] ERROR n.t.c.steps.ConsoleLoggingListener - The driver executable does not exist: C:\Users\flaviane.c.siqueira\Documents\intelliJ\ChallengeStefanini\src\test\java\resources\drivers\windows\chromedriver.exe
Feature: Test 2 UI

  @teste2
  Scenario: Buy a product                         # src/test/resources/features/TestUI.feature:6
    Given open url - Demo Store                   # CommonSteps.java:19
      java.lang.IllegalStateException: The driver executable does not exist: C:\Users\flaviane.c.siqueira\Documents\intelliJ\ChallengeStefanini\src\test\java\resources\drivers\windows\chromedriver.exe
	at com.google.common.base.Preconditions.checkState(Preconditions.java:585)
	at org.openqa.selenium.remote.service.DriverService.checkExecutable(DriverService.java:146)
	at org.openqa.selenium.remote.service.DriverService.findExecutable(DriverService.java:141)
	at org.openqa.selenium.chrome.ChromeDriverService.access$000(ChromeDriverService.java:35)
	at org.openqa.selenium.chrome.ChromeDriverService$Builder.findDefaultExecutable(ChromeDriverService.java:159)
	at org.openqa.selenium.remote.service.DriverService$Builder.build(DriverService.java:355)
	at org.openqa.selenium.chrome.ChromeDriverService.createDefaultService(ChromeDriverService.java:94)
	at org.openqa.selenium.chrome.ChromeDriver.<init>(ChromeDriver.java:123)
	at utils.WebDriverFactory.getDriver(WebDriverFactory.java:48)
	at steps.CommonSteps.lambda$new$0(CommonSteps.java:20)
	at ?.open url - Demo Store(src/test/resources/features/TestUI.feature:7)

    When search for product "Shirt"               # CommonSteps.java:23
    And click on product                          # CommonSteps.java:30
    And add to cart                               # CommonSteps.java:34
    And go to cart                                # CommonSteps.java:38
    Then Valid product and price                  # CommonSteps.java:42
    When proceed to checkout                      # CommonSteps.java:46
    And fill in additional information            # CommonSteps.java:50
    And select and fill payment methods           # CommonSteps.java:54
    And accept the terms and click on the captcha # CommonSteps.java:58
    And Finalize order                            # CommonSteps.java:62
    Then Valid if purchase completed successfully # CommonSteps.java:66

Failed scenarios:
src/test/resources/features/TestUI.feature:6 # Buy a product

1 Scenarios (1 failed)
12 Steps (1 failed, 11 skipped)
0m0,813s

java.lang.IllegalStateException: The driver executable does not exist: C:\Users\flaviane.c.siqueira\Documents\intelliJ\ChallengeStefanini\src\test\java\resources\drivers\windows\chromedriver.exe
	at com.google.common.base.Preconditions.checkState(Preconditions.java:585)
	at org.openqa.selenium.remote.service.DriverService.checkExecutable(DriverService.java:146)
	at org.openqa.selenium.remote.service.DriverService.findExecutable(DriverService.java:141)
	at org.openqa.selenium.chrome.ChromeDriverService.access$000(ChromeDriverService.java:35)
	at org.openqa.selenium.chrome.ChromeDriverService$Builder.findDefaultExecutable(ChromeDriverService.java:159)
	at org.openqa.selenium.remote.service.DriverService$Builder.build(DriverService.java:355)
	at org.openqa.selenium.chrome.ChromeDriverService.createDefaultService(ChromeDriverService.java:94)
	at org.openqa.selenium.chrome.ChromeDriver.<init>(ChromeDriver.java:123)
	at utils.WebDriverFactory.getDriver(WebDriverFactory.java:48)
	at steps.CommonSteps.lambda$new$0(CommonSteps.java:20)
	at ?.open url - Demo Store(src/test/resources/features/TestUI.feature:7)

12:34:55.140 [pool-1-thread-1] DEBUG n.t.core.reports.ReportService - Reporting formats: [JSON, HTML]
12:34:55.237 [pool-1-thread-1] DEBUG n.t.core.reports.ReportService - Reporting formats: [JSON, HTML]
12:34:55.263 [pool-1-thread-1] DEBUG n.t.core.reports.ReportService - Generating reports for 1 test outcomes using: net.thucydides.core.reports.json.JSONTestOutcomeReporter@55a28893
12:34:55.265 [pool-1-thread-1] DEBUG n.t.core.reports.ReportService - Processing test outcome Test 2 UI:Buy a product
12:34:55.265 [pool-1-thread-1] DEBUG n.t.core.reports.ReportService - net.thucydides.core.reports.json.JSONTestOutcomeReporter@55a28893: Generating report for test outcome: Test 2 UI:Buy a product
12:34:55.459 [pool-1-thread-1] DEBUG n.t.c.r.json.JSONTestOutcomeReporter - Generating JSON report for Buy a product to file C:\Users\flaviane.c.siqueira\Documents\intelliJ\ChallengeStefanini\target\site\serenity\c9039bda2bc84d71550d36feb6bd59d55785ee7b39054775bdf58880ff4a3467.json (using temp file C:\Users\flaviane.c.siqueira\Documents\intelliJ\ChallengeStefanini\target\site\serenity\c9039bda2bc84d71550d36feb6bd59d55785ee7b39054775bdf58880ff4a3467.jsonea4a790a-7feb-4a5f-b774-b601c1a290cd)
12:34:55.500 [pool-1-thread-1] DEBUG n.t.core.reports.ReportService - Processing test outcome Test 2 UI:Buy a product done
12:34:55.500 [pool-1-thread-1] DEBUG n.t.core.reports.ReportService - Shutting down executor service
12:34:55.501 [pool-1-thread-1] DEBUG n.t.core.reports.ReportService - Reports generated in: 238 ms
12:34:55.501 [pool-1-thread-1] DEBUG n.t.core.reports.ReportService - Generating reports for 1 test outcomes using: net.thucydides.core.reports.html.HtmlAcceptanceTestReporter@1a91d35f
12:34:55.501 [pool-2-thread-1] DEBUG n.t.core.reports.ReportService - Processing test outcome Test 2 UI:Buy a product
12:34:55.501 [pool-2-thread-1] DEBUG n.t.core.reports.ReportService - net.thucydides.core.reports.html.HtmlAcceptanceTestReporter@1a91d35f: Generating report for test outcome: Test 2 UI:Buy a product
12:34:55.502 [pool-2-thread-1] DEBUG n.t.c.r.h.HtmlAcceptanceTestReporter - GENERATE TEST OUTCOME REPORT FOR Buy a product in c9039bda2bc84d71550d36feb6bd59d55785ee7b39054775bdf58880ff4a3467
12:34:55.567 [pool-2-thread-1] INFO  n.t.c.r.PackageRequirementsTagProvider - Loading requirements from package requirements at: starter
12:34:56.250 [pool-2-thread-1] DEBUG n.t.c.r.m.cucumber.CucumberParser - Found no Cucumber 4.2.6 class cucumber.runtime.model.FeatureLoader try Cucumber 4.2.0 
12:34:56.258 [pool-2-thread-1] DEBUG n.t.c.r.m.cucumber.CucumberParser - Found no Cucumber 4.2.6 class cucumber.runtime.model.FeatureLoader try Cucumber 4.2.0 
12:34:56.261 [pool-2-thread-1] DEBUG n.t.c.r.RequirementsTagProvider -  found:[Requirement{name='Test 1 API', type='feature' parent = 'null', cardNumber='null'}, Requirement{name='Test 2 UI', type='feature' parent = 'null', cardNumber='null'}]
12:34:56.283 [pool-2-thread-1] DEBUG n.t.c.r.BaseRequirementsService - Requirement found for test outcome Buy a product-[]: Optional[Requirement{name='Test 2 UI', type='feature' parent = 'null', cardNumber='null'}]
12:34:56.287 [pool-2-thread-1] DEBUG n.t.c.r.BaseRequirementsService - Requirement found for test outcome Buy a product-[]: Optional[Requirement{name='Test 2 UI', type='feature' parent = 'null', cardNumber='null'}]
12:34:56.392 [pool-2-thread-1] DEBUG n.t.c.r.h.HtmlAcceptanceTestReporter - GENERATING HTML REPORT FOR Test 2 UI:Buy a product in c9039bda2bc84d71550d36feb6bd59d55785ee7b39054775bdf58880ff4a3467.html in directory target\site\serenity  
12:34:57.423 [pool-2-thread-1] DEBUG n.t.c.r.h.HtmlAcceptanceTestReporter - Generating report in c9039bda2bc84d71550d36feb6bd59d55785ee7b39054775bdf58880ff4a3467.html
12:34:57.891 [pool-2-thread-1] DEBUG n.t.c.r.h.HtmlAcceptanceTestReporter - Generated report c9039bda2bc84d71550d36feb6bd59d55785ee7b39054775bdf58880ff4a3467.html in 467 ms
12:34:57.891 [pool-2-thread-1] DEBUG n.t.core.reports.ReportService - Processing test outcome Test 2 UI:Buy a product done
12:34:57.891 [pool-1-thread-1] DEBUG n.t.core.reports.ReportService - Shutting down executor service
12:34:57.891 [pool-1-thread-1] DEBUG n.t.core.reports.ReportService - Reports generated in: 2390 ms
12:34:54.856 [pool-1-thread-1] INFO  n.t.c.steps.ConsoleLoggingListener - 
 _____ _____ ____ _____   ____ _____  _    ____ _____ _____ ____  
|_   _| ____/ ___|_   _| / ___|_   _|/ \  |  _ \_   _| ____|  _ \ 
  | | |  _| \___ \ | |   \___ \ | | / _ \ | |_) || | |  _| | | | |
  | | | |___ ___) || |    ___) || |/ ___ \|  _ < | | | |___| |_| |
  |_| |_____|____/ |_|   |____/ |_/_/   \_\_| \_\|_| |_____|____/ 
                                                                  

TEST STARTED: Buy a product
-------------------------------------------------------------------(test-2-ui;buy-a-product)
]]></system-out>
  </testcase>
</testsuite>